[ 2015-08-01T23:24:58+08:00 ] ::1 /thinkphp/Search/Teacher/read/
INFO: [ app_init ] --START--
INFO: Run Behavior\BuildLiteBehavior [ RunTime:0.000017s ]
INFO: [ app_init ] --END-- [ RunTime:0.000610s ]
INFO: [ app_begin ] --START--
INFO: Run Behavior\ReadHtmlCacheBehavior [ RunTime:0.000651s ]
INFO: [ app_begin ] --END-- [ RunTime:0.000703s ]
INFO: [ view_parse ] --START--
INFO: [ template_filter ] --START--
INFO: Run Behavior\ContentReplaceBehavior [ RunTime:0.000030s ]
INFO: [ template_filter ] --END-- [ RunTime:0.000074s ]
INFO: Run Behavior\ParseTemplateBehavior [ RunTime:0.007051s ]
INFO: [ view_parse ] --END-- [ RunTime:0.007099s ]
INFO: [ view_filter ] --START--
INFO: Run Behavior\WriteHtmlCacheBehavior [ RunTime:0.000435s ]
INFO: [ view_filter ] --END-- [ RunTime:0.000483s ]
INFO: [ app_end ] --START--
INFO: Run Behavior\ShowPageTraceBehavior [ RunTime:0.000812s ]
INFO: [ app_end ] --END-- [ RunTime:0.000869s ]

[ 2015-08-01T23:25:00+08:00 ] ::1 /thinkphp/Search/Teacher/read/
INFO: [ app_init ] --START--
INFO: Run Behavior\BuildLiteBehavior [ RunTime:0.000008s ]
INFO: [ app_init ] --END-- [ RunTime:0.000239s ]
INFO: [ app_begin ] --START--
INFO: Run Behavior\ReadHtmlCacheBehavior [ RunTime:0.000221s ]
INFO: [ app_begin ] --END-- [ RunTime:0.000248s ]
INFO: [ view_parse ] --START--
INFO: [ template_filter ] --START--
INFO: Run Behavior\ContentReplaceBehavior [ RunTime:0.000020s ]
INFO: [ template_filter ] --END-- [ RunTime:0.000051s ]
INFO: Run Behavior\ParseTemplateBehavior [ RunTime:0.003480s ]
INFO: [ view_parse ] --END-- [ RunTime:0.003518s ]
INFO: [ view_filter ] --START--
INFO: Run Behavior\WriteHtmlCacheBehavior [ RunTime:0.000071s ]
INFO: [ view_filter ] --END-- [ RunTime:0.000087s ]
SQL: SHOW COLUMNS FROM `t_teacher` [ RunTime:0.0063s ]
SQL: SELECT DISTINCT  T_offers.name FROM `t_teacher` JOIN T_offers ON T_teacher.openId = T_offers.teacherOpenId  WHERE T_teacher.name LIKE '%%' AND `studentNumber` LIKE '%%' AND `faculty` LIKE '%%' AND `major` LIKE '%%' AND `gender` LIKE '%%' AND `mobile` LIKE '%%' AND ( `created_dt` > '1992-01-25 14:36' AND `created_dt` < '3000-01-25 14:36'  ) AND `address` LIKE '%%'  [ RunTime:0.0108s ]
ERR: SQLSTATE[42S22]: Column not found: 1054 Unknown column 'T_teacher_certifications.description' in 'field list'
NOTIC: [2] Cannot modify header information - headers already sent by (output started at /Applications/XAMPP/xamppfiles/htdocs/thinkphp/ThinkPHP/Library/Think/View.class.php:95) /Applications/XAMPP/xamppfiles/htdocs/thinkphp/ThinkPHP/Library/Think/Think.class.php 第 229 行.
NOTIC: [2] Cannot modify header information - headers already sent by (output started at /Applications/XAMPP/xamppfiles/htdocs/thinkphp/ThinkPHP/Library/Think/View.class.php:95) /Applications/XAMPP/xamppfiles/htdocs/thinkphp/ThinkPHP/Library/Think/Think.class.php 第 230 行.

[ 2015-08-01T23:27:44+08:00 ] ::1 /thinkphp/Search/Teacher/read/
INFO: [ app_init ] --START--
INFO: Run Behavior\BuildLiteBehavior [ RunTime:0.000009s ]
INFO: [ app_init ] --END-- [ RunTime:0.000210s ]
INFO: [ app_begin ] --START--
INFO: Run Behavior\ReadHtmlCacheBehavior [ RunTime:0.000234s ]
INFO: [ app_begin ] --END-- [ RunTime:0.000262s ]
INFO: [ view_parse ] --START--
INFO: [ template_filter ] --START--
INFO: Run Behavior\ContentReplaceBehavior [ RunTime:0.000047s ]
INFO: [ template_filter ] --END-- [ RunTime:0.000116s ]
INFO: Run Behavior\ParseTemplateBehavior [ RunTime:0.007498s ]
INFO: [ view_parse ] --END-- [ RunTime:0.007602s ]
INFO: [ view_filter ] --START--
INFO: Run Behavior\WriteHtmlCacheBehavior [ RunTime:0.000293s ]
INFO: [ view_filter ] --END-- [ RunTime:0.000337s ]
SQL: SHOW COLUMNS FROM `t_teacher` [ RunTime:0.0010s ]
SQL: SELECT DISTINCT  T_offers.name FROM `t_teacher` JOIN T_offers ON T_teacher.openId = T_offers.teacherOpenId  WHERE T_teacher.name LIKE '%%' AND `studentNumber` LIKE '%%' AND `faculty` LIKE '%%' AND `major` LIKE '%%' AND `gender` LIKE '%%' AND `mobile` LIKE '%%' AND ( `created_dt` > '1992-01-25 14:36' AND `created_dt` < '3000-01-25 14:36'  ) AND `address` LIKE '%%'  [ RunTime:0.0013s ]
SQL: SELECT DISTINCT  T_teacher_certifications.description FROM `t_teacher` JOIN T_teacher_certifications ON T_teacher.openId = T_teacher_certifications.teacherOpenId  WHERE T_teacher.name LIKE '%%' AND `studentNumber` LIKE '%%' AND `faculty` LIKE '%%' AND `major` LIKE '%%' AND `gender` LIKE '%%' AND `mobile` LIKE '%%' AND ( `created_dt` > '1992-01-25 14:36' AND `created_dt` < '3000-01-25 14:36'  ) AND `address` LIKE '%%'  [ RunTime:0.0003s ]
NOTIC: [8] Undefined variable: data /Applications/XAMPP/xamppfiles/htdocs/thinkphp/Application/Search/Controller/TeacherController.class.php 第 36 行.
INFO: [ app_end ] --START--
INFO: Run Behavior\ShowPageTraceBehavior [ RunTime:0.000400s ]
INFO: [ app_end ] --END-- [ RunTime:0.000430s ]

[ 2015-08-01T23:27:50+08:00 ] ::1 /thinkphp/Search/Teacher/read/
INFO: [ app_init ] --START--
INFO: Run Behavior\BuildLiteBehavior [ RunTime:0.000010s ]
INFO: [ app_init ] --END-- [ RunTime:0.000230s ]
INFO: [ app_begin ] --START--
INFO: Run Behavior\ReadHtmlCacheBehavior [ RunTime:0.000459s ]
INFO: [ app_begin ] --END-- [ RunTime:0.000547s ]
INFO: [ view_parse ] --START--
INFO: [ template_filter ] --START--
INFO: Run Behavior\ContentReplaceBehavior [ RunTime:0.000041s ]
INFO: [ template_filter ] --END-- [ RunTime:0.000120s ]
INFO: Run Behavior\ParseTemplateBehavior [ RunTime:0.005825s ]
INFO: [ view_parse ] --END-- [ RunTime:0.005882s ]
INFO: [ view_filter ] --START--
INFO: Run Behavior\WriteHtmlCacheBehavior [ RunTime:0.000261s ]
INFO: [ view_filter ] --END-- [ RunTime:0.000339s ]
SQL: SHOW COLUMNS FROM `t_teacher` [ RunTime:0.0010s ]
SQL: SELECT DISTINCT  T_offers.name FROM `t_teacher` JOIN T_offers ON T_teacher.openId = T_offers.teacherOpenId  WHERE T_teacher.name LIKE '%%' AND `studentNumber` LIKE '%%' AND `faculty` LIKE '%%' AND `major` LIKE '%%' AND `gender` LIKE '%%' AND `mobile` LIKE '%%' AND ( `created_dt` > '1992-01-25 14:36' AND `created_dt` < '3000-01-25 14:36'  ) AND `address` LIKE '%%'  [ RunTime:0.0013s ]
SQL: SELECT DISTINCT  T_teacher_certifications.description FROM `t_teacher` JOIN T_teacher_certifications ON T_teacher.openId = T_teacher_certifications.teacherOpenId  WHERE T_teacher.name LIKE '%%' AND `studentNumber` LIKE '%%' AND `faculty` LIKE '%%' AND `major` LIKE '%%' AND `gender` LIKE '%%' AND `mobile` LIKE '%%' AND ( `created_dt` > '1992-01-25 14:36' AND `created_dt` < '3000-01-25 14:36'  ) AND `address` LIKE '%%'  [ RunTime:0.0003s ]
NOTIC: [8] Undefined variable: data /Applications/XAMPP/xamppfiles/htdocs/thinkphp/Application/Search/Controller/TeacherController.class.php 第 36 行.
INFO: [ app_end ] --START--
INFO: Run Behavior\ShowPageTraceBehavior [ RunTime:0.000361s ]
INFO: [ app_end ] --END-- [ RunTime:0.000391s ]

[ 2015-08-01T23:28:14+08:00 ] ::1 /thinkphp/Search/Teacher/read/
INFO: [ app_init ] --START--
INFO: Run Behavior\BuildLiteBehavior [ RunTime:0.000013s ]
INFO: [ app_init ] --END-- [ RunTime:0.000238s ]
INFO: [ app_begin ] --START--
INFO: Run Behavior\ReadHtmlCacheBehavior [ RunTime:0.000267s ]
INFO: [ app_begin ] --END-- [ RunTime:0.000301s ]
INFO: [ view_parse ] --START--
INFO: [ template_filter ] --START--
INFO: Run Behavior\ContentReplaceBehavior [ RunTime:0.000065s ]
INFO: [ template_filter ] --END-- [ RunTime:0.000178s ]
INFO: Run Behavior\ParseTemplateBehavior [ RunTime:0.005665s ]
INFO: [ view_parse ] --END-- [ RunTime:0.005693s ]
INFO: [ view_filter ] --START--
INFO: Run Behavior\WriteHtmlCacheBehavior [ RunTime:0.000107s ]
INFO: [ view_filter ] --END-- [ RunTime:0.000136s ]
SQL: SHOW COLUMNS FROM `t_teacher` [ RunTime:0.0010s ]
SQL: SELECT DISTINCT  T_offers.name FROM `t_teacher` JOIN T_offers ON T_teacher.openId = T_offers.teacherOpenId  WHERE T_teacher.name LIKE '%李超超%' AND `studentNumber` LIKE '%%' AND `faculty` LIKE '%%' AND `major` LIKE '%%' AND `gender` LIKE '%%' AND `mobile` LIKE '%%' AND ( `created_dt` > '1992-01-25 14:36' AND `created_dt` < '3000-01-25 14:36'  ) AND `address` LIKE '%%'  [ RunTime:0.0005s ]
SQL: SELECT DISTINCT  T_teacher_certifications.description FROM `t_teacher` JOIN T_teacher_certifications ON T_teacher.openId = T_teacher_certifications.teacherOpenId  WHERE T_teacher.name LIKE '%李超超%' AND `studentNumber` LIKE '%%' AND `faculty` LIKE '%%' AND `major` LIKE '%%' AND `gender` LIKE '%%' AND `mobile` LIKE '%%' AND ( `created_dt` > '1992-01-25 14:36' AND `created_dt` < '3000-01-25 14:36'  ) AND `address` LIKE '%%'  [ RunTime:0.0002s ]
NOTIC: [8] Undefined variable: data /Applications/XAMPP/xamppfiles/htdocs/thinkphp/Application/Search/Controller/TeacherController.class.php 第 36 行.
INFO: [ app_end ] --START--
INFO: Run Behavior\ShowPageTraceBehavior [ RunTime:0.000385s ]
INFO: [ app_end ] --END-- [ RunTime:0.000474s ]

[ 2015-08-01T23:31:08+08:00 ] ::1 /thinkphp/Search/Teacher/read/
INFO: [ app_init ] --START--
INFO: Run Behavior\BuildLiteBehavior [ RunTime:0.000011s ]
INFO: [ app_init ] --END-- [ RunTime:0.000225s ]
INFO: [ app_begin ] --START--
INFO: Run Behavior\ReadHtmlCacheBehavior [ RunTime:0.000239s ]
INFO: [ app_begin ] --END-- [ RunTime:0.000267s ]
INFO: [ view_parse ] --START--
INFO: [ template_filter ] --START--
INFO: Run Behavior\ContentReplaceBehavior [ RunTime:0.000043s ]
INFO: [ template_filter ] --END-- [ RunTime:0.000097s ]
INFO: Run Behavior\ParseTemplateBehavior [ RunTime:0.003858s ]
INFO: [ view_parse ] --END-- [ RunTime:0.003898s ]
INFO: [ view_filter ] --START--
INFO: Run Behavior\WriteHtmlCacheBehavior [ RunTime:0.000184s ]
INFO: [ view_filter ] --END-- [ RunTime:0.000217s ]
SQL: SHOW COLUMNS FROM `t_teacher` [ RunTime:0.0011s ]
SQL: SELECT `studentNumber`,T_offers.name FROM `t_teacher` JOIN T_offers ON T_teacher.openId = T_offers.teacherOpenId  WHERE T_teacher.name LIKE '%%' AND `studentNumber` LIKE '%%' AND `faculty` LIKE '%%' AND `major` LIKE '%%' AND `gender` LIKE '%%' AND `mobile` LIKE '%%' AND ( `created_dt` > '1992-01-25 14:36' AND `created_dt` < '3000-01-25 14:36'  ) AND `address` LIKE '%%'  [ RunTime:0.0013s ]
SQL: SELECT T_teacher_certifications.description FROM `t_teacher` JOIN T_teacher_certifications ON T_teacher.openId = T_teacher_certifications.teacherOpenId  WHERE T_teacher.name LIKE '%%' AND `studentNumber` LIKE '%%' AND `faculty` LIKE '%%' AND `major` LIKE '%%' AND `gender` LIKE '%%' AND `mobile` LIKE '%%' AND ( `created_dt` > '1992-01-25 14:36' AND `created_dt` < '3000-01-25 14:36'  ) AND `address` LIKE '%%'  [ RunTime:0.0003s ]
INFO: [ app_end ] --START--
INFO: Run Behavior\ShowPageTraceBehavior [ RunTime:0.000382s ]
INFO: [ app_end ] --END-- [ RunTime:0.000420s ]

[ 2015-08-01T23:31:09+08:00 ] ::1 /thinkphp/Search/Teacher/read/
INFO: [ app_init ] --START--
INFO: Run Behavior\BuildLiteBehavior [ RunTime:0.000008s ]
INFO: [ app_init ] --END-- [ RunTime:0.000181s ]
INFO: [ app_begin ] --START--
INFO: Run Behavior\ReadHtmlCacheBehavior [ RunTime:0.000201s ]
INFO: [ app_begin ] --END-- [ RunTime:0.000224s ]
INFO: [ view_parse ] --START--
INFO: [ template_filter ] --START--
INFO: Run Behavior\ContentReplaceBehavior [ RunTime:0.000016s ]
INFO: [ template_filter ] --END-- [ RunTime:0.000040s ]
INFO: Run Behavior\ParseTemplateBehavior [ RunTime:0.003073s ]
INFO: [ view_parse ] --END-- [ RunTime:0.003098s ]
INFO: [ view_filter ] --START--
INFO: Run Behavior\WriteHtmlCacheBehavior [ RunTime:0.000078s ]
INFO: [ view_filter ] --END-- [ RunTime:0.000096s ]
SQL: SHOW COLUMNS FROM `t_teacher` [ RunTime:0.0009s ]
SQL: SELECT `studentNumber`,T_offers.name FROM `t_teacher` JOIN T_offers ON T_teacher.openId = T_offers.teacherOpenId  WHERE T_teacher.name LIKE '%%' AND `studentNumber` LIKE '%%' AND `faculty` LIKE '%%' AND `major` LIKE '%%' AND `gender` LIKE '%%' AND `mobile` LIKE '%%' AND ( `created_dt` > '1992-01-25 14:36' AND `created_dt` < '3000-01-25 14:36'  ) AND `address` LIKE '%%'  [ RunTime:0.0013s ]
SQL: SELECT T_teacher_certifications.description FROM `t_teacher` JOIN T_teacher_certifications ON T_teacher.openId = T_teacher_certifications.teacherOpenId  WHERE T_teacher.name LIKE '%%' AND `studentNumber` LIKE '%%' AND `faculty` LIKE '%%' AND `major` LIKE '%%' AND `gender` LIKE '%%' AND `mobile` LIKE '%%' AND ( `created_dt` > '1992-01-25 14:36' AND `created_dt` < '3000-01-25 14:36'  ) AND `address` LIKE '%%'  [ RunTime:0.0004s ]
INFO: [ app_end ] --START--
INFO: Run Behavior\ShowPageTraceBehavior [ RunTime:0.000306s ]
INFO: [ app_end ] --END-- [ RunTime:0.000333s ]

[ 2015-08-01T23:31:09+08:00 ] ::1 /thinkphp/Search/Teacher/read/
INFO: [ app_init ] --START--
INFO: Run Behavior\BuildLiteBehavior [ RunTime:0.000008s ]
INFO: [ app_init ] --END-- [ RunTime:0.000163s ]
INFO: [ app_begin ] --START--
INFO: Run Behavior\ReadHtmlCacheBehavior [ RunTime:0.000203s ]
INFO: [ app_begin ] --END-- [ RunTime:0.000226s ]
INFO: [ view_parse ] --START--
INFO: [ template_filter ] --START--
INFO: Run Behavior\ContentReplaceBehavior [ RunTime:0.000015s ]
INFO: [ template_filter ] --END-- [ RunTime:0.000039s ]
INFO: Run Behavior\ParseTemplateBehavior [ RunTime:0.003092s ]
INFO: [ view_parse ] --END-- [ RunTime:0.003118s ]
INFO: [ view_filter ] --START--
INFO: Run Behavior\WriteHtmlCacheBehavior [ RunTime:0.000070s ]
INFO: [ view_filter ] --END-- [ RunTime:0.000086s ]
SQL: SHOW COLUMNS FROM `t_teacher` [ RunTime:0.0012s ]
SQL: SELECT `studentNumber`,T_offers.name FROM `t_teacher` JOIN T_offers ON T_teacher.openId = T_offers.teacherOpenId  WHERE T_teacher.name LIKE '%%' AND `studentNumber` LIKE '%%' AND `faculty` LIKE '%%' AND `major` LIKE '%%' AND `gender` LIKE '%%' AND `mobile` LIKE '%%' AND ( `created_dt` > '1992-01-25 14:36' AND `created_dt` < '3000-01-25 14:36'  ) AND `address` LIKE '%%'  [ RunTime:0.0012s ]
SQL: SELECT T_teacher_certifications.description FROM `t_teacher` JOIN T_teacher_certifications ON T_teacher.openId = T_teacher_certifications.teacherOpenId  WHERE T_teacher.name LIKE '%%' AND `studentNumber` LIKE '%%' AND `faculty` LIKE '%%' AND `major` LIKE '%%' AND `gender` LIKE '%%' AND `mobile` LIKE '%%' AND ( `created_dt` > '1992-01-25 14:36' AND `created_dt` < '3000-01-25 14:36'  ) AND `address` LIKE '%%'  [ RunTime:0.0003s ]
INFO: [ app_end ] --START--
INFO: Run Behavior\ShowPageTraceBehavior [ RunTime:0.000329s ]
INFO: [ app_end ] --END-- [ RunTime:0.000358s ]

[ 2015-08-01T23:31:09+08:00 ] ::1 /thinkphp/Search/Teacher/read/
INFO: [ app_init ] --START--
INFO: Run Behavior\BuildLiteBehavior [ RunTime:0.000008s ]
INFO: [ app_init ] --END-- [ RunTime:0.000186s ]
INFO: [ app_begin ] --START--
INFO: Run Behavior\ReadHtmlCacheBehavior [ RunTime:0.000246s ]
INFO: [ app_begin ] --END-- [ RunTime:0.000276s ]
INFO: [ view_parse ] --START--
INFO: [ template_filter ] --START--
INFO: Run Behavior\ContentReplaceBehavior [ RunTime:0.000049s ]
INFO: [ template_filter ] --END-- [ RunTime:0.000128s ]
INFO: Run Behavior\ParseTemplateBehavior [ RunTime:0.004541s ]
INFO: [ view_parse ] --END-- [ RunTime:0.004568s ]
INFO: [ view_filter ] --START--
INFO: Run Behavior\WriteHtmlCacheBehavior [ RunTime:0.000077s ]
INFO: [ view_filter ] --END-- [ RunTime:0.000096s ]
SQL: SHOW COLUMNS FROM `t_teacher` [ RunTime:0.0009s ]
SQL: SELECT `studentNumber`,T_offers.name FROM `t_teacher` JOIN T_offers ON T_teacher.openId = T_offers.teacherOpenId  WHERE T_teacher.name LIKE '%%' AND `studentNumber` LIKE '%%' AND `faculty` LIKE '%%' AND `major` LIKE '%%' AND `gender` LIKE '%%' AND `mobile` LIKE '%%' AND ( `created_dt` > '1992-01-25 14:36' AND `created_dt` < '3000-01-25 14:36'  ) AND `address` LIKE '%%'  [ RunTime:0.0011s ]
SQL: SELECT T_teacher_certifications.description FROM `t_teacher` JOIN T_teacher_certifications ON T_teacher.openId = T_teacher_certifications.teacherOpenId  WHERE T_teacher.name LIKE '%%' AND `studentNumber` LIKE '%%' AND `faculty` LIKE '%%' AND `major` LIKE '%%' AND `gender` LIKE '%%' AND `mobile` LIKE '%%' AND ( `created_dt` > '1992-01-25 14:36' AND `created_dt` < '3000-01-25 14:36'  ) AND `address` LIKE '%%'  [ RunTime:0.0002s ]
INFO: [ app_end ] --START--
INFO: Run Behavior\ShowPageTraceBehavior [ RunTime:0.000294s ]
INFO: [ app_end ] --END-- [ RunTime:0.000319s ]

[ 2015-08-01T23:31:10+08:00 ] ::1 /thinkphp/Search/Teacher/read/
INFO: [ app_init ] --START--
INFO: Run Behavior\BuildLiteBehavior [ RunTime:0.000024s ]
INFO: [ app_init ] --END-- [ RunTime:0.000278s ]
INFO: [ app_begin ] --START--
INFO: Run Behavior\ReadHtmlCacheBehavior [ RunTime:0.000260s ]
INFO: [ app_begin ] --END-- [ RunTime:0.000293s ]
INFO: [ view_parse ] --START--
INFO: [ template_filter ] --START--
INFO: Run Behavior\ContentReplaceBehavior [ RunTime:0.000018s ]
INFO: [ template_filter ] --END-- [ RunTime:0.000045s ]
INFO: Run Behavior\ParseTemplateBehavior [ RunTime:0.004148s ]
INFO: [ view_parse ] --END-- [ RunTime:0.004183s ]
INFO: [ view_filter ] --START--
INFO: Run Behavior\WriteHtmlCacheBehavior [ RunTime:0.000070s ]
INFO: [ view_filter ] --END-- [ RunTime:0.000087s ]
SQL: SHOW COLUMNS FROM `t_teacher` [ RunTime:0.0009s ]
SQL: SELECT `studentNumber`,T_offers.name FROM `t_teacher` JOIN T_offers ON T_teacher.openId = T_offers.teacherOpenId  WHERE T_teacher.name LIKE '%%' AND `studentNumber` LIKE '%%' AND `faculty` LIKE '%%' AND `major` LIKE '%%' AND `gender` LIKE '%%' AND `mobile` LIKE '%%' AND ( `created_dt` > '1992-01-25 14:36' AND `created_dt` < '3000-01-25 14:36'  ) AND `address` LIKE '%%'  [ RunTime:0.0013s ]
SQL: SELECT T_teacher_certifications.description FROM `t_teacher` JOIN T_teacher_certifications ON T_teacher.openId = T_teacher_certifications.teacherOpenId  WHERE T_teacher.name LIKE '%%' AND `studentNumber` LIKE '%%' AND `faculty` LIKE '%%' AND `major` LIKE '%%' AND `gender` LIKE '%%' AND `mobile` LIKE '%%' AND ( `created_dt` > '1992-01-25 14:36' AND `created_dt` < '3000-01-25 14:36'  ) AND `address` LIKE '%%'  [ RunTime:0.0003s ]
INFO: [ app_end ] --START--
INFO: Run Behavior\ShowPageTraceBehavior [ RunTime:0.000329s ]
INFO: [ app_end ] --END-- [ RunTime:0.000354s ]

[ 2015-08-01T23:31:10+08:00 ] ::1 /thinkphp/Search/Teacher/read/
INFO: [ app_init ] --START--
INFO: Run Behavior\BuildLiteBehavior [ RunTime:0.000013s ]
INFO: [ app_init ] --END-- [ RunTime:0.000299s ]
INFO: [ app_begin ] --START--
INFO: Run Behavior\ReadHtmlCacheBehavior [ RunTime:0.000330s ]
INFO: [ app_begin ] --END-- [ RunTime:0.000366s ]
INFO: [ view_parse ] --START--
INFO: [ template_filter ] --START--
INFO: Run Behavior\ContentReplaceBehavior [ RunTime:0.000036s ]
INFO: [ template_filter ] --END-- [ RunTime:0.000098s ]
INFO: Run Behavior\ParseTemplateBehavior [ RunTime:0.004699s ]
INFO: [ view_parse ] --END-- [ RunTime:0.004741s ]
INFO: [ view_filter ] --START--
INFO: Run Behavior\WriteHtmlCacheBehavior [ RunTime:0.000159s ]
INFO: [ view_filter ] --END-- [ RunTime:0.000193s ]
SQL: SHOW COLUMNS FROM `t_teacher` [ RunTime:0.0009s ]
SQL: SELECT `studentNumber`,T_offers.name FROM `t_teacher` JOIN T_offers ON T_teacher.openId = T_offers.teacherOpenId  WHERE T_teacher.name LIKE '%%' AND `studentNumber` LIKE '%%' AND `faculty` LIKE '%%' AND `major` LIKE '%%' AND `gender` LIKE '%%' AND `mobile` LIKE '%%' AND ( `created_dt` > '1992-01-25 14:36' AND `created_dt` < '3000-01-25 14:36'  ) AND `address` LIKE '%%'  [ RunTime:0.0011s ]
SQL: SELECT T_teacher_certifications.description FROM `t_teacher` JOIN T_teacher_certifications ON T_teacher.openId = T_teacher_certifications.teacherOpenId  WHERE T_teacher.name LIKE '%%' AND `studentNumber` LIKE '%%' AND `faculty` LIKE '%%' AND `major` LIKE '%%' AND `gender` LIKE '%%' AND `mobile` LIKE '%%' AND ( `created_dt` > '1992-01-25 14:36' AND `created_dt` < '3000-01-25 14:36'  ) AND `address` LIKE '%%'  [ RunTime:0.0002s ]
INFO: [ app_end ] --START--
INFO: Run Behavior\ShowPageTraceBehavior [ RunTime:0.000285s ]
INFO: [ app_end ] --END-- [ RunTime:0.000311s ]

[ 2015-08-01T23:31:10+08:00 ] ::1 /thinkphp/Search/Teacher/read/
INFO: [ app_init ] --START--
INFO: Run Behavior\BuildLiteBehavior [ RunTime:0.000009s ]
INFO: [ app_init ] --END-- [ RunTime:0.000183s ]
INFO: [ app_begin ] --START--
INFO: Run Behavior\ReadHtmlCacheBehavior [ RunTime:0.000231s ]
INFO: [ app_begin ] --END-- [ RunTime:0.000256s ]
INFO: [ view_parse ] --START--
INFO: [ template_filter ] --START--
INFO: Run Behavior\ContentReplaceBehavior [ RunTime:0.000034s ]
INFO: [ template_filter ] --END-- [ RunTime:0.000093s ]
INFO: Run Behavior\ParseTemplateBehavior [ RunTime:0.004418s ]
INFO: [ view_parse ] --END-- [ RunTime:0.004484s ]
INFO: [ view_filter ] --START--
INFO: Run Behavior\WriteHtmlCacheBehavior [ RunTime:0.000216s ]
INFO: [ view_filter ] --END-- [ RunTime:0.000251s ]
SQL: SHOW COLUMNS FROM `t_teacher` [ RunTime:0.0009s ]
SQL: SELECT `studentNumber`,T_offers.name FROM `t_teacher` JOIN T_offers ON T_teacher.openId = T_offers.teacherOpenId  WHERE T_teacher.name LIKE '%%' AND `studentNumber` LIKE '%%' AND `faculty` LIKE '%%' AND `major` LIKE '%%' AND `gender` LIKE '%%' AND `mobile` LIKE '%%' AND ( `created_dt` > '1992-01-25 14:36' AND `created_dt` < '3000-01-25 14:36'  ) AND `address` LIKE '%%'  [ RunTime:0.0012s ]
SQL: SELECT T_teacher_certifications.description FROM `t_teacher` JOIN T_teacher_certifications ON T_teacher.openId = T_teacher_certifications.teacherOpenId  WHERE T_teacher.name LIKE '%%' AND `studentNumber` LIKE '%%' AND `faculty` LIKE '%%' AND `major` LIKE '%%' AND `gender` LIKE '%%' AND `mobile` LIKE '%%' AND ( `created_dt` > '1992-01-25 14:36' AND `created_dt` < '3000-01-25 14:36'  ) AND `address` LIKE '%%'  [ RunTime:0.0002s ]
INFO: [ app_end ] --START--
INFO: Run Behavior\ShowPageTraceBehavior [ RunTime:0.000326s ]
INFO: [ app_end ] --END-- [ RunTime:0.000356s ]

[ 2015-08-01T23:31:10+08:00 ] ::1 /thinkphp/Search/Teacher/read/
INFO: [ app_init ] --START--
INFO: Run Behavior\BuildLiteBehavior [ RunTime:0.000009s ]
INFO: [ app_init ] --END-- [ RunTime:0.000280s ]
INFO: [ app_begin ] --START--
INFO: Run Behavior\ReadHtmlCacheBehavior [ RunTime:0.000379s ]
INFO: [ app_begin ] --END-- [ RunTime:0.000447s ]
INFO: [ view_parse ] --START--
INFO: [ template_filter ] --START--
INFO: Run Behavior\ContentReplaceBehavior [ RunTime:0.000123s ]
INFO: [ template_filter ] --END-- [ RunTime:0.000343s ]
INFO: Run Behavior\ParseTemplateBehavior [ RunTime:0.005548s ]
INFO: [ view_parse ] --END-- [ RunTime:0.005591s ]
INFO: [ view_filter ] --START--
INFO: Run Behavior\WriteHtmlCacheBehavior [ RunTime:0.000103s ]
INFO: [ view_filter ] --END-- [ RunTime:0.000121s ]
SQL: SHOW COLUMNS FROM `t_teacher` [ RunTime:0.0009s ]
SQL: SELECT `studentNumber`,T_offers.name FROM `t_teacher` JOIN T_offers ON T_teacher.openId = T_offers.teacherOpenId  WHERE T_teacher.name LIKE '%%' AND `studentNumber` LIKE '%%' AND `faculty` LIKE '%%' AND `major` LIKE '%%' AND `gender` LIKE '%%' AND `mobile` LIKE '%%' AND ( `created_dt` > '1992-01-25 14:36' AND `created_dt` < '3000-01-25 14:36'  ) AND `address` LIKE '%%'  [ RunTime:0.0012s ]
SQL: SELECT T_teacher_certifications.description FROM `t_teacher` JOIN T_teacher_certifications ON T_teacher.openId = T_teacher_certifications.teacherOpenId  WHERE T_teacher.name LIKE '%%' AND `studentNumber` LIKE '%%' AND `faculty` LIKE '%%' AND `major` LIKE '%%' AND `gender` LIKE '%%' AND `mobile` LIKE '%%' AND ( `created_dt` > '1992-01-25 14:36' AND `created_dt` < '3000-01-25 14:36'  ) AND `address` LIKE '%%'  [ RunTime:0.0003s ]
INFO: [ app_end ] --START--
INFO: Run Behavior\ShowPageTraceBehavior [ RunTime:0.000506s ]
INFO: [ app_end ] --END-- [ RunTime:0.000538s ]

[ 2015-08-01T23:31:10+08:00 ] ::1 /thinkphp/Search/Teacher/read/
INFO: [ app_init ] --START--
INFO: Run Behavior\BuildLiteBehavior [ RunTime:0.000017s ]
INFO: [ app_init ] --END-- [ RunTime:0.000291s ]
INFO: [ app_begin ] --START--
INFO: Run Behavior\ReadHtmlCacheBehavior [ RunTime:0.000370s ]
INFO: [ app_begin ] --END-- [ RunTime:0.000421s ]
INFO: [ view_parse ] --START--
INFO: [ template_filter ] --START--
INFO: Run Behavior\ContentReplaceBehavior [ RunTime:0.000047s ]
INFO: [ template_filter ] --END-- [ RunTime:0.000128s ]
INFO: Run Behavior\ParseTemplateBehavior [ RunTime:0.004267s ]
INFO: [ view_parse ] --END-- [ RunTime:0.004314s ]
INFO: [ view_filter ] --START--
INFO: Run Behavior\WriteHtmlCacheBehavior [ RunTime:0.000107s ]
INFO: [ view_filter ] --END-- [ RunTime:0.000127s ]
SQL: SHOW COLUMNS FROM `t_teacher` [ RunTime:0.0010s ]
SQL: SELECT `studentNumber`,T_offers.name FROM `t_teacher` JOIN T_offers ON T_teacher.openId = T_offers.teacherOpenId  WHERE T_teacher.name LIKE '%%' AND `studentNumber` LIKE '%%' AND `faculty` LIKE '%%' AND `major` LIKE '%%' AND `gender` LIKE '%%' AND `mobile` LIKE '%%' AND ( `created_dt` > '1992-01-25 14:36' AND `created_dt` < '3000-01-25 14:36'  ) AND `address` LIKE '%%'  [ RunTime:0.0012s ]
SQL: SELECT T_teacher_certifications.description FROM `t_teacher` JOIN T_teacher_certifications ON T_teacher.openId = T_teacher_certifications.teacherOpenId  WHERE T_teacher.name LIKE '%%' AND `studentNumber` LIKE '%%' AND `faculty` LIKE '%%' AND `major` LIKE '%%' AND `gender` LIKE '%%' AND `mobile` LIKE '%%' AND ( `created_dt` > '1992-01-25 14:36' AND `created_dt` < '3000-01-25 14:36'  ) AND `address` LIKE '%%'  [ RunTime:0.0002s ]
INFO: [ app_end ] --START--
INFO: Run Behavior\ShowPageTraceBehavior [ RunTime:0.000340s ]
INFO: [ app_end ] --END-- [ RunTime:0.000366s ]

[ 2015-08-01T23:31:11+08:00 ] ::1 /thinkphp/Search/Teacher/read/
INFO: [ app_init ] --START--
INFO: Run Behavior\BuildLiteBehavior [ RunTime:0.000020s ]
INFO: [ app_init ] --END-- [ RunTime:0.000326s ]
INFO: [ app_begin ] --START--
INFO: Run Behavior\ReadHtmlCacheBehavior [ RunTime:0.000422s ]
INFO: [ app_begin ] --END-- [ RunTime:0.000483s ]
INFO: [ view_parse ] --START--
INFO: [ template_filter ] --START--
INFO: Run Behavior\ContentReplaceBehavior [ RunTime:0.000021s ]
INFO: [ template_filter ] --END-- [ RunTime:0.000058s ]
INFO: Run Behavior\ParseTemplateBehavior [ RunTime:0.004149s ]
INFO: [ view_parse ] --END-- [ RunTime:0.004201s ]
INFO: [ view_filter ] --START--
INFO: Run Behavior\WriteHtmlCacheBehavior [ RunTime:0.000190s ]
INFO: [ view_filter ] --END-- [ RunTime:0.000225s ]
SQL: SHOW COLUMNS FROM `t_teacher` [ RunTime:0.0008s ]
SQL: SELECT `studentNumber`,T_offers.name FROM `t_teacher` JOIN T_offers ON T_teacher.openId = T_offers.teacherOpenId  WHERE T_teacher.name LIKE '%%' AND `studentNumber` LIKE '%%' AND `faculty` LIKE '%%' AND `major` LIKE '%%' AND `gender` LIKE '%%' AND `mobile` LIKE '%%' AND ( `created_dt` > '1992-01-25 14:36' AND `created_dt` < '3000-01-25 14:36'  ) AND `address` LIKE '%%'  [ RunTime:0.0013s ]
SQL: SELECT T_teacher_certifications.description FROM `t_teacher` JOIN T_teacher_certifications ON T_teacher.openId = T_teacher_certifications.teacherOpenId  WHERE T_teacher.name LIKE '%%' AND `studentNumber` LIKE '%%' AND `faculty` LIKE '%%' AND `major` LIKE '%%' AND `gender` LIKE '%%' AND `mobile` LIKE '%%' AND ( `created_dt` > '1992-01-25 14:36' AND `created_dt` < '3000-01-25 14:36'  ) AND `address` LIKE '%%'  [ RunTime:0.0004s ]
INFO: [ app_end ] --START--
INFO: Run Behavior\ShowPageTraceBehavior [ RunTime:0.000601s ]
INFO: [ app_end ] --END-- [ RunTime:0.000644s ]

[ 2015-08-01T23:31:11+08:00 ] ::1 /thinkphp/Search/Teacher/read/
INFO: [ app_init ] --START--
INFO: Run Behavior\BuildLiteBehavior [ RunTime:0.000024s ]
INFO: [ app_init ] --END-- [ RunTime:0.000285s ]
INFO: [ app_begin ] --START--
INFO: Run Behavior\ReadHtmlCacheBehavior [ RunTime:0.000259s ]
INFO: [ app_begin ] --END-- [ RunTime:0.000293s ]
INFO: [ view_parse ] --START--
INFO: [ template_filter ] --START--
INFO: Run Behavior\ContentReplaceBehavior [ RunTime:0.000020s ]
INFO: [ template_filter ] --END-- [ RunTime:0.000047s ]
INFO: Run Behavior\ParseTemplateBehavior [ RunTime:0.004224s ]
INFO: [ view_parse ] --END-- [ RunTime:0.004255s ]
INFO: [ view_filter ] --START--
INFO: Run Behavior\WriteHtmlCacheBehavior [ RunTime:0.000070s ]
INFO: [ view_filter ] --END-- [ RunTime:0.000087s ]
SQL: SHOW COLUMNS FROM `t_teacher` [ RunTime:0.0009s ]
SQL: SELECT `studentNumber`,T_offers.name FROM `t_teacher` JOIN T_offers ON T_teacher.openId = T_offers.teacherOpenId  WHERE T_teacher.name LIKE '%%' AND `studentNumber` LIKE '%%' AND `faculty` LIKE '%%' AND `major` LIKE '%%' AND `gender` LIKE '%%' AND `mobile` LIKE '%%' AND ( `created_dt` > '1992-01-25 14:36' AND `created_dt` < '3000-01-25 14:36'  ) AND `address` LIKE '%%'  [ RunTime:0.0012s ]
SQL: SELECT T_teacher_certifications.description FROM `t_teacher` JOIN T_teacher_certifications ON T_teacher.openId = T_teacher_certifications.teacherOpenId  WHERE T_teacher.name LIKE '%%' AND `studentNumber` LIKE '%%' AND `faculty` LIKE '%%' AND `major` LIKE '%%' AND `gender` LIKE '%%' AND `mobile` LIKE '%%' AND ( `created_dt` > '1992-01-25 14:36' AND `created_dt` < '3000-01-25 14:36'  ) AND `address` LIKE '%%'  [ RunTime:0.0002s ]
INFO: [ app_end ] --START--
INFO: Run Behavior\ShowPageTraceBehavior [ RunTime:0.000331s ]
INFO: [ app_end ] --END-- [ RunTime:0.000362s ]

[ 2015-08-01T23:31:11+08:00 ] ::1 /thinkphp/Search/Teacher/read/
INFO: [ app_init ] --START--
INFO: Run Behavior\BuildLiteBehavior [ RunTime:0.000008s ]
INFO: [ app_init ] --END-- [ RunTime:0.000162s ]
INFO: [ app_begin ] --START--
INFO: Run Behavior\ReadHtmlCacheBehavior [ RunTime:0.000203s ]
INFO: [ app_begin ] --END-- [ RunTime:0.000226s ]
INFO: [ view_parse ] --START--
INFO: [ template_filter ] --START--
INFO: Run Behavior\ContentReplaceBehavior [ RunTime:0.000016s ]
INFO: [ template_filter ] --END-- [ RunTime:0.000039s ]
INFO: Run Behavior\ParseTemplateBehavior [ RunTime:0.003112s ]
INFO: [ view_parse ] --END-- [ RunTime:0.003136s ]
INFO: [ view_filter ] --START--
INFO: Run Behavior\WriteHtmlCacheBehavior [ RunTime:0.000069s ]
INFO: [ view_filter ] --END-- [ RunTime:0.000086s ]
SQL: SHOW COLUMNS FROM `t_teacher` [ RunTime:0.0009s ]
SQL: SELECT `studentNumber`,T_offers.name FROM `t_teacher` JOIN T_offers ON T_teacher.openId = T_offers.teacherOpenId  WHERE T_teacher.name LIKE '%%' AND `studentNumber` LIKE '%%' AND `faculty` LIKE '%%' AND `major` LIKE '%%' AND `gender` LIKE '%%' AND `mobile` LIKE '%%' AND ( `created_dt` > '1992-01-25 14:36' AND `created_dt` < '3000-01-25 14:36'  ) AND `address` LIKE '%%'  [ RunTime:0.0012s ]
SQL: SELECT T_teacher_certifications.description FROM `t_teacher` JOIN T_teacher_certifications ON T_teacher.openId = T_teacher_certifications.teacherOpenId  WHERE T_teacher.name LIKE '%%' AND `studentNumber` LIKE '%%' AND `faculty` LIKE '%%' AND `major` LIKE '%%' AND `gender` LIKE '%%' AND `mobile` LIKE '%%' AND ( `created_dt` > '1992-01-25 14:36' AND `created_dt` < '3000-01-25 14:36'  ) AND `address` LIKE '%%'  [ RunTime:0.0002s ]
INFO: [ app_end ] --START--
INFO: Run Behavior\ShowPageTraceBehavior [ RunTime:0.000334s ]
INFO: [ app_end ] --END-- [ RunTime:0.000363s ]

[ 2015-08-01T23:31:16+08:00 ] ::1 /thinkphp/Search/Teacher/read/
INFO: [ app_init ] --START--
INFO: Run Behavior\BuildLiteBehavior [ RunTime:0.000012s ]
INFO: [ app_init ] --END-- [ RunTime:0.000259s ]
INFO: [ app_begin ] --START--
INFO: Run Behavior\ReadHtmlCacheBehavior [ RunTime:0.000305s ]
INFO: [ app_begin ] --END-- [ RunTime:0.000338s ]
INFO: [ view_parse ] --START--
INFO: [ template_filter ] --START--
INFO: Run Behavior\ContentReplaceBehavior [ RunTime:0.000031s ]
INFO: [ template_filter ] --END-- [ RunTime:0.000075s ]
INFO: Run Behavior\ParseTemplateBehavior [ RunTime:0.005785s ]
INFO: [ view_parse ] --END-- [ RunTime:0.005841s ]
INFO: [ view_filter ] --START--
INFO: Run Behavior\WriteHtmlCacheBehavior [ RunTime:0.000146s ]
INFO: [ view_filter ] --END-- [ RunTime:0.000188s ]
SQL: SHOW COLUMNS FROM `t_teacher` [ RunTime:0.0018s ]
SQL: SELECT `studentNumber`,T_offers.name FROM `t_teacher` JOIN T_offers ON T_teacher.openId = T_offers.teacherOpenId  WHERE T_teacher.name LIKE '%李超超%' AND `studentNumber` LIKE '%%' AND `faculty` LIKE '%%' AND `major` LIKE '%%' AND `gender` LIKE '%%' AND `mobile` LIKE '%%' AND ( `created_dt` > '1992-01-25 14:36' AND `created_dt` < '3000-01-25 14:36'  ) AND `address` LIKE '%%'  [ RunTime:0.0003s ]
SQL: SELECT T_teacher_certifications.description FROM `t_teacher` JOIN T_teacher_certifications ON T_teacher.openId = T_teacher_certifications.teacherOpenId  WHERE T_teacher.name LIKE '%李超超%' AND `studentNumber` LIKE '%%' AND `faculty` LIKE '%%' AND `major` LIKE '%%' AND `gender` LIKE '%%' AND `mobile` LIKE '%%' AND ( `created_dt` > '1992-01-25 14:36' AND `created_dt` < '3000-01-25 14:36'  ) AND `address` LIKE '%%'  [ RunTime:0.0002s ]
INFO: [ app_end ] --START--
INFO: Run Behavior\ShowPageTraceBehavior [ RunTime:0.000370s ]
INFO: [ app_end ] --END-- [ RunTime:0.000403s ]

[ 2015-08-01T23:31:17+08:00 ] ::1 /thinkphp/Search/Teacher/read/
INFO: [ app_init ] --START--
INFO: Run Behavior\BuildLiteBehavior [ RunTime:0.000008s ]
INFO: [ app_init ] --END-- [ RunTime:0.000161s ]
INFO: [ app_begin ] --START--
INFO: Run Behavior\ReadHtmlCacheBehavior [ RunTime:0.000200s ]
INFO: [ app_begin ] --END-- [ RunTime:0.000222s ]
INFO: [ view_parse ] --START--
INFO: [ template_filter ] --START--
INFO: Run Behavior\ContentReplaceBehavior [ RunTime:0.000016s ]
INFO: [ template_filter ] --END-- [ RunTime:0.000040s ]
INFO: Run Behavior\ParseTemplateBehavior [ RunTime:0.003159s ]
INFO: [ view_parse ] --END-- [ RunTime:0.003197s ]
INFO: [ view_filter ] --START--
INFO: Run Behavior\WriteHtmlCacheBehavior [ RunTime:0.000080s ]
INFO: [ view_filter ] --END-- [ RunTime:0.000098s ]
SQL: SHOW COLUMNS FROM `t_teacher` [ RunTime:0.0009s ]
SQL: SELECT `studentNumber`,T_offers.name FROM `t_teacher` JOIN T_offers ON T_teacher.openId = T_offers.teacherOpenId  WHERE T_teacher.name LIKE '%%' AND `studentNumber` LIKE '%%' AND `faculty` LIKE '%%' AND `major` LIKE '%%' AND `gender` LIKE '%%' AND `mobile` LIKE '%%' AND ( `created_dt` > '1992-01-25 14:36' AND `created_dt` < '3000-01-25 14:36'  ) AND `address` LIKE '%%'  [ RunTime:0.0013s ]
SQL: SELECT T_teacher_certifications.description FROM `t_teacher` JOIN T_teacher_certifications ON T_teacher.openId = T_teacher_certifications.teacherOpenId  WHERE T_teacher.name LIKE '%%' AND `studentNumber` LIKE '%%' AND `faculty` LIKE '%%' AND `major` LIKE '%%' AND `gender` LIKE '%%' AND `mobile` LIKE '%%' AND ( `created_dt` > '1992-01-25 14:36' AND `created_dt` < '3000-01-25 14:36'  ) AND `address` LIKE '%%'  [ RunTime:0.0002s ]
INFO: [ app_end ] --START--
INFO: Run Behavior\ShowPageTraceBehavior [ RunTime:0.000356s ]
INFO: [ app_end ] --END-- [ RunTime:0.000389s ]

[ 2015-08-01T23:31:17+08:00 ] ::1 /thinkphp/Search/Teacher/read/
INFO: [ app_init ] --START--
INFO: Run Behavior\BuildLiteBehavior [ RunTime:0.000007s ]
INFO: [ app_init ] --END-- [ RunTime:0.000172s ]
INFO: [ app_begin ] --START--
INFO: Run Behavior\ReadHtmlCacheBehavior [ RunTime:0.000330s ]
INFO: [ app_begin ] --END-- [ RunTime:0.000366s ]
INFO: [ view_parse ] --START--
INFO: [ template_filter ] --START--
INFO: Run Behavior\ContentReplaceBehavior [ RunTime:0.000123s ]
INFO: [ template_filter ] --END-- [ RunTime:0.000332s ]
INFO: Run Behavior\ParseTemplateBehavior [ RunTime:0.007027s ]
INFO: [ view_parse ] --END-- [ RunTime:0.007073s ]
INFO: [ view_filter ] --START--
INFO: Run Behavior\WriteHtmlCacheBehavior [ RunTime:0.000132s ]
INFO: [ view_filter ] --END-- [ RunTime:0.000159s ]
SQL: SHOW COLUMNS FROM `t_teacher` [ RunTime:0.0017s ]
SQL: SELECT `studentNumber`,T_offers.name FROM `t_teacher` JOIN T_offers ON T_teacher.openId = T_offers.teacherOpenId  WHERE T_teacher.name LIKE '%%' AND `studentNumber` LIKE '%%' AND `faculty` LIKE '%%' AND `major` LIKE '%%' AND `gender` LIKE '%%' AND `mobile` LIKE '%%' AND ( `created_dt` > '1992-01-25 14:36' AND `created_dt` < '3000-01-25 14:36'  ) AND `address` LIKE '%%'  [ RunTime:0.0015s ]
SQL: SELECT T_teacher_certifications.description FROM `t_teacher` JOIN T_teacher_certifications ON T_teacher.openId = T_teacher_certifications.teacherOpenId  WHERE T_teacher.name LIKE '%%' AND `studentNumber` LIKE '%%' AND `faculty` LIKE '%%' AND `major` LIKE '%%' AND `gender` LIKE '%%' AND `mobile` LIKE '%%' AND ( `created_dt` > '1992-01-25 14:36' AND `created_dt` < '3000-01-25 14:36'  ) AND `address` LIKE '%%'  [ RunTime:0.0010s ]
INFO: [ app_end ] --START--
INFO: Run Behavior\ShowPageTraceBehavior [ RunTime:0.000303s ]
INFO: [ app_end ] --END-- [ RunTime:0.000330s ]

[ 2015-08-01T23:31:17+08:00 ] ::1 /thinkphp/Search/Teacher/read/
INFO: [ app_init ] --START--
INFO: Run Behavior\BuildLiteBehavior [ RunTime:0.000012s ]
INFO: [ app_init ] --END-- [ RunTime:0.000218s ]
INFO: [ app_begin ] --START--
INFO: Run Behavior\ReadHtmlCacheBehavior [ RunTime:0.000466s ]
INFO: [ app_begin ] --END-- [ RunTime:0.000517s ]
INFO: [ view_parse ] --START--
INFO: [ template_filter ] --START--
INFO: Run Behavior\ContentReplaceBehavior [ RunTime:0.000029s ]
INFO: [ template_filter ] --END-- [ RunTime:0.000067s ]
INFO: Run Behavior\ParseTemplateBehavior [ RunTime:0.005160s ]
INFO: [ view_parse ] --END-- [ RunTime:0.005198s ]
INFO: [ view_filter ] --START--
INFO: Run Behavior\WriteHtmlCacheBehavior [ RunTime:0.000077s ]
INFO: [ view_filter ] --END-- [ RunTime:0.000094s ]
SQL: SHOW COLUMNS FROM `t_teacher` [ RunTime:0.0009s ]
SQL: SELECT `studentNumber`,T_offers.name FROM `t_teacher` JOIN T_offers ON T_teacher.openId = T_offers.teacherOpenId  WHERE T_teacher.name LIKE '%%' AND `studentNumber` LIKE '%%' AND `faculty` LIKE '%%' AND `major` LIKE '%%' AND `gender` LIKE '%%' AND `mobile` LIKE '%%' AND ( `created_dt` > '1992-01-25 14:36' AND `created_dt` < '3000-01-25 14:36'  ) AND `address` LIKE '%%'  [ RunTime:0.0012s ]
SQL: SELECT T_teacher_certifications.description FROM `t_teacher` JOIN T_teacher_certifications ON T_teacher.openId = T_teacher_certifications.teacherOpenId  WHERE T_teacher.name LIKE '%%' AND `studentNumber` LIKE '%%' AND `faculty` LIKE '%%' AND `major` LIKE '%%' AND `gender` LIKE '%%' AND `mobile` LIKE '%%' AND ( `created_dt` > '1992-01-25 14:36' AND `created_dt` < '3000-01-25 14:36'  ) AND `address` LIKE '%%'  [ RunTime:0.0002s ]
INFO: [ app_end ] --START--
INFO: Run Behavior\ShowPageTraceBehavior [ RunTime:0.000308s ]
INFO: [ app_end ] --END-- [ RunTime:0.000336s ]

[ 2015-08-01T23:31:17+08:00 ] ::1 /thinkphp/Search/Teacher/read/
INFO: [ app_init ] --START--
INFO: Run Behavior\BuildLiteBehavior [ RunTime:0.000023s ]
INFO: [ app_init ] --END-- [ RunTime:0.000339s ]
INFO: [ app_begin ] --START--
INFO: Run Behavior\ReadHtmlCacheBehavior [ RunTime:0.000399s ]
INFO: [ app_begin ] --END-- [ RunTime:0.000438s ]
INFO: [ view_parse ] --START--
INFO: [ template_filter ] --START--
INFO: Run Behavior\ContentReplaceBehavior [ RunTime:0.000077s ]
INFO: [ template_filter ] --END-- [ RunTime:0.000148s ]
INFO: Run Behavior\ParseTemplateBehavior [ RunTime:0.003667s ]
INFO: [ view_parse ] --END-- [ RunTime:0.003712s ]
INFO: [ view_filter ] --START--
INFO: Run Behavior\WriteHtmlCacheBehavior [ RunTime:0.000098s ]
INFO: [ view_filter ] --END-- [ RunTime:0.000117s ]
SQL: SHOW COLUMNS FROM `t_teacher` [ RunTime:0.0010s ]
SQL: SELECT `studentNumber`,T_offers.name FROM `t_teacher` JOIN T_offers ON T_teacher.openId = T_offers.teacherOpenId  WHERE T_teacher.name LIKE '%%' AND `studentNumber` LIKE '%%' AND `faculty` LIKE '%%' AND `major` LIKE '%%' AND `gender` LIKE '%%' AND `mobile` LIKE '%%' AND ( `created_dt` > '1992-01-25 14:36' AND `created_dt` < '3000-01-25 14:36'  ) AND `address` LIKE '%%'  [ RunTime:0.0018s ]
SQL: SELECT T_teacher_certifications.description FROM `t_teacher` JOIN T_teacher_certifications ON T_teacher.openId = T_teacher_certifications.teacherOpenId  WHERE T_teacher.name LIKE '%%' AND `studentNumber` LIKE '%%' AND `faculty` LIKE '%%' AND `major` LIKE '%%' AND `gender` LIKE '%%' AND `mobile` LIKE '%%' AND ( `created_dt` > '1992-01-25 14:36' AND `created_dt` < '3000-01-25 14:36'  ) AND `address` LIKE '%%'  [ RunTime:0.0006s ]
INFO: [ app_end ] --START--
INFO: Run Behavior\ShowPageTraceBehavior [ RunTime:0.000463s ]
INFO: [ app_end ] --END-- [ RunTime:0.000504s ]

[ 2015-08-01T23:31:53+08:00 ] ::1 /thinkphp/Search/Teacher/read/
INFO: [ app_init ] --START--
INFO: Run Behavior\BuildLiteBehavior [ RunTime:0.000011s ]
INFO: [ app_init ] --END-- [ RunTime:0.000218s ]
INFO: [ app_begin ] --START--
INFO: Run Behavior\ReadHtmlCacheBehavior [ RunTime:0.000240s ]
INFO: [ app_begin ] --END-- [ RunTime:0.000269s ]
INFO: [ view_parse ] --START--
INFO: [ template_filter ] --START--
INFO: Run Behavior\ContentReplaceBehavior [ RunTime:0.000022s ]
INFO: [ template_filter ] --END-- [ RunTime:0.000047s ]
INFO: Run Behavior\ParseTemplateBehavior [ RunTime:0.003469s ]
INFO: [ view_parse ] --END-- [ RunTime:0.003495s ]
INFO: [ view_filter ] --START--
INFO: Run Behavior\WriteHtmlCacheBehavior [ RunTime:0.000072s ]
INFO: [ view_filter ] --END-- [ RunTime:0.000088s ]
SQL: SHOW COLUMNS FROM `t_teacher` [ RunTime:0.0009s ]
SQL: SELECT `studentNumber`,T_offers.name FROM `t_teacher` JOIN T_offers ON T_teacher.openId = T_offers.teacherOpenId  WHERE T_teacher.name LIKE '%%' AND `studentNumber` LIKE '%%' AND `faculty` LIKE '%%' AND `major` LIKE '%%' AND `gender` LIKE '%%' AND `mobile` LIKE '%%' AND ( `created_dt` > '1992-01-25 14:36' AND `created_dt` < '3000-01-25 14:36'  ) AND `address` LIKE '%%'  [ RunTime:0.0013s ]
SQL: SELECT T_teacher_certifications.description FROM `t_teacher` JOIN T_teacher_certifications ON T_teacher.openId = T_teacher_certifications.teacherOpenId  WHERE T_teacher.name LIKE '%%' AND `studentNumber` LIKE '%%' AND `faculty` LIKE '%%' AND `major` LIKE '%%' AND `gender` LIKE '%%' AND `mobile` LIKE '%%' AND ( `created_dt` > '1992-01-25 14:36' AND `created_dt` < '3000-01-25 14:36'  ) AND `address` LIKE '%%'  [ RunTime:0.0003s ]
INFO: [ app_end ] --START--
INFO: Run Behavior\ShowPageTraceBehavior [ RunTime:0.000504s ]
INFO: [ app_end ] --END-- [ RunTime:0.000573s ]

[ 2015-08-01T23:31:57+08:00 ] ::1 /thinkphp/Search/Teacher/read/
INFO: [ app_init ] --START--
INFO: Run Behavior\BuildLiteBehavior [ RunTime:0.000007s ]
INFO: [ app_init ] --END-- [ RunTime:0.000159s ]
INFO: [ app_begin ] --START--
INFO: Run Behavior\ReadHtmlCacheBehavior [ RunTime:0.000219s ]
INFO: [ app_begin ] --END-- [ RunTime:0.000242s ]
INFO: [ view_parse ] --START--
INFO: [ template_filter ] --START--
INFO: Run Behavior\ContentReplaceBehavior [ RunTime:0.000063s ]
INFO: [ template_filter ] --END-- [ RunTime:0.000200s ]
INFO: Run Behavior\ParseTemplateBehavior [ RunTime:0.007199s ]
INFO: [ view_parse ] --END-- [ RunTime:0.007290s ]
INFO: [ view_filter ] --START--
INFO: Run Behavior\WriteHtmlCacheBehavior [ RunTime:0.000249s ]
INFO: [ view_filter ] --END-- [ RunTime:0.000282s ]
SQL: SHOW COLUMNS FROM `t_teacher` [ RunTime:0.0010s ]
SQL: SELECT `studentNumber`,T_offers.name FROM `t_teacher` JOIN T_offers ON T_teacher.openId = T_offers.teacherOpenId  WHERE T_teacher.name LIKE '%李超超%' AND `studentNumber` LIKE '%%' AND `faculty` LIKE '%%' AND `major` LIKE '%%' AND `gender` LIKE '%%' AND `mobile` LIKE '%%' AND ( `created_dt` > '1992-01-25 14:36' AND `created_dt` < '3000-01-25 14:36'  ) AND `address` LIKE '%%'  [ RunTime:0.0004s ]
SQL: SELECT T_teacher_certifications.description FROM `t_teacher` JOIN T_teacher_certifications ON T_teacher.openId = T_teacher_certifications.teacherOpenId  WHERE T_teacher.name LIKE '%李超超%' AND `studentNumber` LIKE '%%' AND `faculty` LIKE '%%' AND `major` LIKE '%%' AND `gender` LIKE '%%' AND `mobile` LIKE '%%' AND ( `created_dt` > '1992-01-25 14:36' AND `created_dt` < '3000-01-25 14:36'  ) AND `address` LIKE '%%'  [ RunTime:0.0002s ]
INFO: [ app_end ] --START--
INFO: Run Behavior\ShowPageTraceBehavior [ RunTime:0.000377s ]
INFO: [ app_end ] --END-- [ RunTime:0.000430s ]

[ 2015-08-01T23:35:49+08:00 ] ::1 /thinkphp/Search/Teacher/read/
INFO: [ app_init ] --START--
INFO: Run Behavior\BuildLiteBehavior [ RunTime:0.000010s ]
INFO: [ app_init ] --END-- [ RunTime:0.000187s ]
INFO: [ app_begin ] --START--
INFO: Run Behavior\ReadHtmlCacheBehavior [ RunTime:0.000211s ]
INFO: [ app_begin ] --END-- [ RunTime:0.000235s ]
INFO: [ view_parse ] --START--
INFO: [ template_filter ] --START--
INFO: Run Behavior\ContentReplaceBehavior [ RunTime:0.000036s ]
INFO: [ template_filter ] --END-- [ RunTime:0.000083s ]
INFO: Run Behavior\ParseTemplateBehavior [ RunTime:0.003783s ]
INFO: [ view_parse ] --END-- [ RunTime:0.003814s ]
INFO: [ view_filter ] --START--
INFO: Run Behavior\WriteHtmlCacheBehavior [ RunTime:0.000125s ]
INFO: [ view_filter ] --END-- [ RunTime:0.000146s ]
SQL: SHOW COLUMNS FROM `t_teacher` [ RunTime:0.0010s ]
SQL: SELECT * FROM `t_teacher` JOIN T_offers ON T_teacher.openId = T_offers.teacherOpenId  WHERE T_teacher.name LIKE '%%' AND `studentNumber` LIKE '%%' AND `faculty` LIKE '%%' AND `major` LIKE '%%' AND `gender` LIKE '%%' AND `mobile` LIKE '%%' AND ( `created_dt` > '1992-01-25 14:36' AND `created_dt` < '3000-01-25 14:36'  ) AND `address` LIKE '%%' GROUP BY openId  [ RunTime:0.0015s ]
SQL: SELECT T_teacher_certifications.description FROM `t_teacher` JOIN T_teacher_certifications ON T_teacher.openId = T_teacher_certifications.teacherOpenId  WHERE T_teacher.name LIKE '%%' AND `studentNumber` LIKE '%%' AND `faculty` LIKE '%%' AND `major` LIKE '%%' AND `gender` LIKE '%%' AND `mobile` LIKE '%%' AND ( `created_dt` > '1992-01-25 14:36' AND `created_dt` < '3000-01-25 14:36'  ) AND `address` LIKE '%%'  [ RunTime:0.0003s ]
INFO: [ app_end ] --START--
INFO: Run Behavior\ShowPageTraceBehavior [ RunTime:0.000462s ]
INFO: [ app_end ] --END-- [ RunTime:0.000540s ]

[ 2015-08-01T23:36:03+08:00 ] ::1 /thinkphp/Search/Teacher/read/
INFO: [ app_init ] --START--
INFO: Run Behavior\BuildLiteBehavior [ RunTime:0.000011s ]
INFO: [ app_init ] --END-- [ RunTime:0.000192s ]
INFO: [ app_begin ] --START--
INFO: Run Behavior\ReadHtmlCacheBehavior [ RunTime:0.000213s ]
INFO: [ app_begin ] --END-- [ RunTime:0.000237s ]
INFO: [ view_parse ] --START--
INFO: [ template_filter ] --START--
INFO: Run Behavior\ContentReplaceBehavior [ RunTime:0.000025s ]
INFO: [ template_filter ] --END-- [ RunTime:0.000064s ]
INFO: Run Behavior\ParseTemplateBehavior [ RunTime:0.003734s ]
INFO: [ view_parse ] --END-- [ RunTime:0.003771s ]
INFO: [ view_filter ] --START--
INFO: Run Behavior\WriteHtmlCacheBehavior [ RunTime:0.000148s ]
INFO: [ view_filter ] --END-- [ RunTime:0.000167s ]
SQL: SHOW COLUMNS FROM `t_teacher` [ RunTime:0.0010s ]
SQL: SELECT * FROM `t_teacher` JOIN T_offers ON T_teacher.openId = T_offers.teacherOpenId  WHERE T_teacher.name LIKE '%李超超%' AND `studentNumber` LIKE '%%' AND `faculty` LIKE '%%' AND `major` LIKE '%%' AND `gender` LIKE '%%' AND `mobile` LIKE '%%' AND ( `created_dt` > '1992-01-25 14:36' AND `created_dt` < '3000-01-25 14:36'  ) AND `address` LIKE '%%' GROUP BY openId  [ RunTime:0.0005s ]
SQL: SELECT T_teacher_certifications.description FROM `t_teacher` JOIN T_teacher_certifications ON T_teacher.openId = T_teacher_certifications.teacherOpenId  WHERE T_teacher.name LIKE '%李超超%' AND `studentNumber` LIKE '%%' AND `faculty` LIKE '%%' AND `major` LIKE '%%' AND `gender` LIKE '%%' AND `mobile` LIKE '%%' AND ( `created_dt` > '1992-01-25 14:36' AND `created_dt` < '3000-01-25 14:36'  ) AND `address` LIKE '%%'  [ RunTime:0.0002s ]
INFO: [ app_end ] --START--
INFO: Run Behavior\ShowPageTraceBehavior [ RunTime:0.000330s ]
INFO: [ app_end ] --END-- [ RunTime:0.000359s ]

[ 2015-08-01T23:41:36+08:00 ] ::1 /thinkphp/Search/Teacher/read/
INFO: [ app_init ] --START--
INFO: Run Behavior\BuildLiteBehavior [ RunTime:0.000007s ]
INFO: [ app_init ] --END-- [ RunTime:0.000190s ]
INFO: [ app_begin ] --START--
INFO: Run Behavior\ReadHtmlCacheBehavior [ RunTime:0.000252s ]
INFO: [ app_begin ] --END-- [ RunTime:0.000280s ]

[ 2015-08-01T23:42:11+08:00 ] ::1 /thinkphp/Search/Teacher/read/
INFO: [ app_init ] --START--
INFO: Run Behavior\BuildLiteBehavior [ RunTime:0.000007s ]
INFO: [ app_init ] --END-- [ RunTime:0.000169s ]
INFO: [ app_begin ] --START--
INFO: Run Behavior\ReadHtmlCacheBehavior [ RunTime:0.000215s ]
INFO: [ app_begin ] --END-- [ RunTime:0.000241s ]
INFO: [ view_parse ] --START--
INFO: [ template_filter ] --START--
INFO: Run Behavior\ContentReplaceBehavior [ RunTime:0.000024s ]
INFO: [ template_filter ] --END-- [ RunTime:0.000061s ]
INFO: Run Behavior\ParseTemplateBehavior [ RunTime:0.003969s ]
INFO: [ view_parse ] --END-- [ RunTime:0.003996s ]
INFO: [ view_filter ] --START--
INFO: Run Behavior\WriteHtmlCacheBehavior [ RunTime:0.000087s ]
INFO: [ view_filter ] --END-- [ RunTime:0.000106s ]
SQL: SHOW COLUMNS FROM `t_teacher` [ RunTime:0.0010s ]
SQL: SELECT * FROM `t_teacher` WHERE T_teacher.name LIKE '%%' AND `studentNumber` LIKE '%%' AND `faculty` LIKE '%%' AND `major` LIKE '%%' AND `gender` LIKE '%%' AND `mobile` LIKE '%%' AND ( `created_dt` > '1992-01-25 14:36' AND `created_dt` < '3000-01-25 14:36'  ) AND `address` LIKE '%%'  [ RunTime:0.0006s ]
INFO: [ app_end ] --START--
INFO: Run Behavior\ShowPageTraceBehavior [ RunTime:0.000354s ]
INFO: [ app_end ] --END-- [ RunTime:0.000399s ]

[ 2015-08-01T23:42:38+08:00 ] ::1 /thinkphp/Search/Teacher/read/
INFO: [ app_init ] --START--
INFO: Run Behavior\BuildLiteBehavior [ RunTime:0.000008s ]
INFO: [ app_init ] --END-- [ RunTime:0.000190s ]
INFO: [ app_begin ] --START--
INFO: Run Behavior\ReadHtmlCacheBehavior [ RunTime:0.000236s ]
INFO: [ app_begin ] --END-- [ RunTime:0.000263s ]
INFO: [ view_parse ] --START--
INFO: [ template_filter ] --START--
INFO: Run Behavior\ContentReplaceBehavior [ RunTime:0.000018s ]
INFO: [ template_filter ] --END-- [ RunTime:0.000043s ]
INFO: Run Behavior\ParseTemplateBehavior [ RunTime:0.003271s ]
INFO: [ view_parse ] --END-- [ RunTime:0.003308s ]
INFO: [ view_filter ] --START--
INFO: Run Behavior\WriteHtmlCacheBehavior [ RunTime:0.000081s ]
INFO: [ view_filter ] --END-- [ RunTime:0.000099s ]
SQL: SHOW COLUMNS FROM `t_teacher` [ RunTime:0.0009s ]
SQL: SELECT * FROM `t_teacher` WHERE T_teacher.name LIKE '%%' AND `studentNumber` LIKE '%%' AND `faculty` LIKE '%%' AND `major` LIKE '%%' AND `gender` LIKE '%%' AND `mobile` LIKE '%%' AND ( `created_dt` > '1992-01-25 14:36' AND `created_dt` < '3000-01-25 14:36'  ) AND `address` LIKE '%%'  [ RunTime:0.0007s ]
INFO: [ app_end ] --START--
INFO: Run Behavior\ShowPageTraceBehavior [ RunTime:0.000333s ]
INFO: [ app_end ] --END-- [ RunTime:0.000363s ]

[ 2015-08-01T23:43:53+08:00 ] ::1 /thinkphp/Search/Teacher/read/
INFO: [ app_init ] --START--
INFO: Run Behavior\BuildLiteBehavior [ RunTime:0.000009s ]
INFO: [ app_init ] --END-- [ RunTime:0.000319s ]
INFO: [ app_begin ] --START--
INFO: Run Behavior\ReadHtmlCacheBehavior [ RunTime:0.000263s ]
INFO: [ app_begin ] --END-- [ RunTime:0.000290s ]
INFO: [ view_parse ] --START--
INFO: [ template_filter ] --START--
INFO: Run Behavior\ContentReplaceBehavior [ RunTime:0.000017s ]
INFO: [ template_filter ] --END-- [ RunTime:0.000039s ]
INFO: Run Behavior\ParseTemplateBehavior [ RunTime:0.003151s ]
INFO: [ view_parse ] --END-- [ RunTime:0.003175s ]
INFO: [ view_filter ] --START--
INFO: Run Behavior\WriteHtmlCacheBehavior [ RunTime:0.000072s ]
INFO: [ view_filter ] --END-- [ RunTime:0.000088s ]
SQL: SHOW COLUMNS FROM `t_teacher` [ RunTime:0.0010s ]
SQL: SELECT * FROM `t_teacher` WHERE T_teacher.name LIKE '%%' AND `studentNumber` LIKE '%%' AND `faculty` LIKE '%%' AND `major` LIKE '%%' AND `gender` LIKE '%%' AND `mobile` LIKE '%%' AND ( `created_dt` > '1992-01-25 14:36' AND `created_dt` < '3000-01-25 14:36'  ) AND `address` LIKE '%%'  [ RunTime:0.0007s ]
NOTIC: [8] Use of undefined constant openId - assumed 'openId' /Applications/XAMPP/xamppfiles/htdocs/thinkphp/Application/Search/Controller/TeacherController.class.php 第 39 行.
NOTIC: [8] Array to string conversion /Applications/XAMPP/xamppfiles/htdocs/thinkphp/Application/Search/Controller/TeacherController.class.php 第 39 行.
INFO: [ app_end ] --START--
INFO: Run Behavior\ShowPageTraceBehavior [ RunTime:0.000346s ]
INFO: [ app_end ] --END-- [ RunTime:0.000376s ]

[ 2015-08-01T23:43:56+08:00 ] ::1 /thinkphp/Search/Teacher/read/
INFO: [ app_init ] --START--
INFO: Run Behavior\BuildLiteBehavior [ RunTime:0.000008s ]
INFO: [ app_init ] --END-- [ RunTime:0.000177s ]
INFO: [ app_begin ] --START--
INFO: Run Behavior\ReadHtmlCacheBehavior [ RunTime:0.000201s ]
INFO: [ app_begin ] --END-- [ RunTime:0.000225s ]
INFO: [ view_parse ] --START--
INFO: [ template_filter ] --START--
INFO: Run Behavior\ContentReplaceBehavior [ RunTime:0.000026s ]
INFO: [ template_filter ] --END-- [ RunTime:0.000066s ]
INFO: Run Behavior\ParseTemplateBehavior [ RunTime:0.004283s ]
INFO: [ view_parse ] --END-- [ RunTime:0.004338s ]
INFO: [ view_filter ] --START--
INFO: Run Behavior\WriteHtmlCacheBehavior [ RunTime:0.000192s ]
INFO: [ view_filter ] --END-- [ RunTime:0.000222s ]
SQL: SHOW COLUMNS FROM `t_teacher` [ RunTime:0.0009s ]
SQL: SELECT * FROM `t_teacher` WHERE T_teacher.name LIKE '%%' AND `studentNumber` LIKE '%%' AND `faculty` LIKE '%%' AND `major` LIKE '%%' AND `gender` LIKE '%%' AND `mobile` LIKE '%%' AND ( `created_dt` > '1992-01-25 14:36' AND `created_dt` < '3000-01-25 14:36'  ) AND `address` LIKE '%%'  [ RunTime:0.0006s ]
NOTIC: [8] Use of undefined constant openId - assumed 'openId' /Applications/XAMPP/xamppfiles/htdocs/thinkphp/Application/Search/Controller/TeacherController.class.php 第 39 行.
NOTIC: [8] Array to string conversion /Applications/XAMPP/xamppfiles/htdocs/thinkphp/Application/Search/Controller/TeacherController.class.php 第 39 行.
INFO: [ app_end ] --START--
INFO: Run Behavior\ShowPageTraceBehavior [ RunTime:0.000320s ]
INFO: [ app_end ] --END-- [ RunTime:0.000347s ]

[ 2015-08-01T23:43:57+08:00 ] ::1 /thinkphp/Search/Teacher/read/
INFO: [ app_init ] --START--
INFO: Run Behavior\BuildLiteBehavior [ RunTime:0.000009s ]
INFO: [ app_init ] --END-- [ RunTime:0.000186s ]
INFO: [ app_begin ] --START--
INFO: Run Behavior\ReadHtmlCacheBehavior [ RunTime:0.000232s ]
INFO: [ app_begin ] --END-- [ RunTime:0.000260s ]
INFO: [ view_parse ] --START--
INFO: [ template_filter ] --START--
INFO: Run Behavior\ContentReplaceBehavior [ RunTime:0.000052s ]
INFO: [ template_filter ] --END-- [ RunTime:0.000142s ]
INFO: Run Behavior\ParseTemplateBehavior [ RunTime:0.004598s ]
INFO: [ view_parse ] --END-- [ RunTime:0.004654s ]
INFO: [ view_filter ] --START--
INFO: Run Behavior\WriteHtmlCacheBehavior [ RunTime:0.000217s ]
INFO: [ view_filter ] --END-- [ RunTime:0.000254s ]
SQL: SHOW COLUMNS FROM `t_teacher` [ RunTime:0.0009s ]
SQL: SELECT * FROM `t_teacher` WHERE T_teacher.name LIKE '%%' AND `studentNumber` LIKE '%%' AND `faculty` LIKE '%%' AND `major` LIKE '%%' AND `gender` LIKE '%%' AND `mobile` LIKE '%%' AND ( `created_dt` > '1992-01-25 14:36' AND `created_dt` < '3000-01-25 14:36'  ) AND `address` LIKE '%%'  [ RunTime:0.0006s ]
NOTIC: [8] Use of undefined constant openId - assumed 'openId' /Applications/XAMPP/xamppfiles/htdocs/thinkphp/Application/Search/Controller/TeacherController.class.php 第 39 行.
NOTIC: [8] Array to string conversion /Applications/XAMPP/xamppfiles/htdocs/thinkphp/Application/Search/Controller/TeacherController.class.php 第 39 行.
INFO: [ app_end ] --START--
INFO: Run Behavior\ShowPageTraceBehavior [ RunTime:0.000296s ]
INFO: [ app_end ] --END-- [ RunTime:0.000320s ]

[ 2015-08-01T23:43:57+08:00 ] ::1 /thinkphp/Search/Teacher/read/
INFO: [ app_init ] --START--
INFO: Run Behavior\BuildLiteBehavior [ RunTime:0.000009s ]
INFO: [ app_init ] --END-- [ RunTime:0.000176s ]
INFO: [ app_begin ] --START--
INFO: Run Behavior\ReadHtmlCacheBehavior [ RunTime:0.000206s ]
INFO: [ app_begin ] --END-- [ RunTime:0.000230s ]
INFO: [ view_parse ] --START--
INFO: [ template_filter ] --START--
INFO: Run Behavior\ContentReplaceBehavior [ RunTime:0.000017s ]
INFO: [ template_filter ] --END-- [ RunTime:0.000042s ]
INFO: Run Behavior\ParseTemplateBehavior [ RunTime:0.003260s ]
INFO: [ view_parse ] --END-- [ RunTime:0.003284s ]
INFO: [ view_filter ] --START--
INFO: Run Behavior\WriteHtmlCacheBehavior [ RunTime:0.000074s ]
INFO: [ view_filter ] --END-- [ RunTime:0.000090s ]
SQL: SHOW COLUMNS FROM `t_teacher` [ RunTime:0.0009s ]
SQL: SELECT * FROM `t_teacher` WHERE T_teacher.name LIKE '%%' AND `studentNumber` LIKE '%%' AND `faculty` LIKE '%%' AND `major` LIKE '%%' AND `gender` LIKE '%%' AND `mobile` LIKE '%%' AND ( `created_dt` > '1992-01-25 14:36' AND `created_dt` < '3000-01-25 14:36'  ) AND `address` LIKE '%%'  [ RunTime:0.0006s ]
NOTIC: [8] Use of undefined constant openId - assumed 'openId' /Applications/XAMPP/xamppfiles/htdocs/thinkphp/Application/Search/Controller/TeacherController.class.php 第 39 行.
NOTIC: [8] Array to string conversion /Applications/XAMPP/xamppfiles/htdocs/thinkphp/Application/Search/Controller/TeacherController.class.php 第 39 行.
INFO: [ app_end ] --START--
INFO: Run Behavior\ShowPageTraceBehavior [ RunTime:0.000318s ]
INFO: [ app_end ] --END-- [ RunTime:0.000343s ]

[ 2015-08-01T23:44:21+08:00 ] ::1 /thinkphp/Search/Teacher/read/
INFO: [ app_init ] --START--
INFO: Run Behavior\BuildLiteBehavior [ RunTime:0.000009s ]
INFO: [ app_init ] --END-- [ RunTime:0.000184s ]
INFO: [ app_begin ] --START--
INFO: Run Behavior\ReadHtmlCacheBehavior [ RunTime:0.000283s ]
INFO: [ app_begin ] --END-- [ RunTime:0.000310s ]
INFO: [ view_parse ] --START--
INFO: [ template_filter ] --START--
INFO: Run Behavior\ContentReplaceBehavior [ RunTime:0.000019s ]
INFO: [ template_filter ] --END-- [ RunTime:0.000045s ]
INFO: Run Behavior\ParseTemplateBehavior [ RunTime:0.003937s ]
INFO: [ view_parse ] --END-- [ RunTime:0.003971s ]
INFO: [ view_filter ] --START--
INFO: Run Behavior\WriteHtmlCacheBehavior [ RunTime:0.000073s ]
INFO: [ view_filter ] --END-- [ RunTime:0.000090s ]
SQL: SHOW COLUMNS FROM `t_teacher` [ RunTime:0.0011s ]
SQL: SELECT * FROM `t_teacher` WHERE T_teacher.name LIKE '%%' AND `studentNumber` LIKE '%%' AND `faculty` LIKE '%%' AND `major` LIKE '%%' AND `gender` LIKE '%%' AND `mobile` LIKE '%%' AND ( `created_dt` > '1992-01-25 14:36' AND `created_dt` < '3000-01-25 14:36'  ) AND `address` LIKE '%%'  [ RunTime:0.0006s ]
INFO: [ app_end ] --START--
INFO: Run Behavior\ShowPageTraceBehavior [ RunTime:0.000565s ]
INFO: [ app_end ] --END-- [ RunTime:0.000631s ]

[ 2015-08-01T23:44:50+08:00 ] ::1 /thinkphp/Search/Teacher/read/
INFO: [ app_init ] --START--
INFO: Run Behavior\BuildLiteBehavior [ RunTime:0.000012s ]
INFO: [ app_init ] --END-- [ RunTime:0.000226s ]
INFO: [ app_begin ] --START--
INFO: Run Behavior\ReadHtmlCacheBehavior [ RunTime:0.000250s ]
INFO: [ app_begin ] --END-- [ RunTime:0.000279s ]
INFO: [ view_parse ] --START--
INFO: [ template_filter ] --START--
INFO: Run Behavior\ContentReplaceBehavior [ RunTime:0.000028s ]
INFO: [ template_filter ] --END-- [ RunTime:0.000069s ]
INFO: Run Behavior\ParseTemplateBehavior [ RunTime:0.005401s ]
INFO: [ view_parse ] --END-- [ RunTime:0.005506s ]
INFO: [ view_filter ] --START--
INFO: Run Behavior\WriteHtmlCacheBehavior [ RunTime:0.000312s ]
INFO: [ view_filter ] --END-- [ RunTime:0.000354s ]
SQL: SHOW COLUMNS FROM `t_teacher` [ RunTime:0.0010s ]
SQL: SELECT * FROM `t_teacher` WHERE T_teacher.name LIKE '%%' AND `studentNumber` LIKE '%%' AND `faculty` LIKE '%%' AND `major` LIKE '%%' AND `gender` LIKE '%%' AND `mobile` LIKE '%%' AND ( `created_dt` > '1992-01-25 14:36' AND `created_dt` < '3000-01-25 14:36'  ) AND `address` LIKE '%%'  [ RunTime:0.0007s ]
NOTIC: [8] Use of undefined constant openid - assumed 'openid' /Applications/XAMPP/xamppfiles/htdocs/thinkphp/Application/Search/Controller/TeacherController.class.php 第 39 行.
NOTIC: [8] Array to string conversion /Applications/XAMPP/xamppfiles/htdocs/thinkphp/Application/Search/Controller/TeacherController.class.php 第 39 行.
INFO: [ app_end ] --START--
INFO: Run Behavior\ShowPageTraceBehavior [ RunTime:0.000356s ]
INFO: [ app_end ] --END-- [ RunTime:0.000385s ]

[ 2015-08-01T23:44:52+08:00 ] ::1 /thinkphp/Search/Teacher/read/
INFO: [ app_init ] --START--
INFO: Run Behavior\BuildLiteBehavior [ RunTime:0.000009s ]
INFO: [ app_init ] --END-- [ RunTime:0.000177s ]
INFO: [ app_begin ] --START--
INFO: Run Behavior\ReadHtmlCacheBehavior [ RunTime:0.000233s ]
INFO: [ app_begin ] --END-- [ RunTime:0.000257s ]
INFO: [ view_parse ] --START--
INFO: [ template_filter ] --START--
INFO: Run Behavior\ContentReplaceBehavior [ RunTime:0.000015s ]
INFO: [ template_filter ] --END-- [ RunTime:0.000039s ]
INFO: Run Behavior\ParseTemplateBehavior [ RunTime:0.003068s ]
INFO: [ view_parse ] --END-- [ RunTime:0.003091s ]
INFO: [ view_filter ] --START--
INFO: Run Behavior\WriteHtmlCacheBehavior [ RunTime:0.000069s ]
INFO: [ view_filter ] --END-- [ RunTime:0.000085s ]
SQL: SHOW COLUMNS FROM `t_teacher` [ RunTime:0.0010s ]
SQL: SELECT * FROM `t_teacher` WHERE T_teacher.name LIKE '%%' AND `studentNumber` LIKE '%%' AND `faculty` LIKE '%%' AND `major` LIKE '%%' AND `gender` LIKE '%%' AND `mobile` LIKE '%%' AND ( `created_dt` > '1992-01-25 14:36' AND `created_dt` < '3000-01-25 14:36'  ) AND `address` LIKE '%%'  [ RunTime:0.0006s ]
NOTIC: [8] Use of undefined constant openid - assumed 'openid' /Applications/XAMPP/xamppfiles/htdocs/thinkphp/Application/Search/Controller/TeacherController.class.php 第 39 行.
NOTIC: [8] Array to string conversion /Applications/XAMPP/xamppfiles/htdocs/thinkphp/Application/Search/Controller/TeacherController.class.php 第 39 行.
INFO: [ app_end ] --START--
INFO: Run Behavior\ShowPageTraceBehavior [ RunTime:0.000410s ]
INFO: [ app_end ] --END-- [ RunTime:0.000447s ]

[ 2015-08-01T23:44:53+08:00 ] ::1 /thinkphp/Search/Teacher/read/
INFO: [ app_init ] --START--
INFO: Run Behavior\BuildLiteBehavior [ RunTime:0.000009s ]
INFO: [ app_init ] --END-- [ RunTime:0.000164s ]
INFO: [ app_begin ] --START--
INFO: Run Behavior\ReadHtmlCacheBehavior [ RunTime:0.000203s ]
INFO: [ app_begin ] --END-- [ RunTime:0.000226s ]
INFO: [ view_parse ] --START--
INFO: [ template_filter ] --START--
INFO: Run Behavior\ContentReplaceBehavior [ RunTime:0.000016s ]
INFO: [ template_filter ] --END-- [ RunTime:0.000040s ]
INFO: Run Behavior\ParseTemplateBehavior [ RunTime:0.002998s ]
INFO: [ view_parse ] --END-- [ RunTime:0.003021s ]
INFO: [ view_filter ] --START--
INFO: Run Behavior\WriteHtmlCacheBehavior [ RunTime:0.000069s ]
INFO: [ view_filter ] --END-- [ RunTime:0.000086s ]
SQL: SHOW COLUMNS FROM `t_teacher` [ RunTime:0.0009s ]
SQL: SELECT * FROM `t_teacher` WHERE T_teacher.name LIKE '%%' AND `studentNumber` LIKE '%%' AND `faculty` LIKE '%%' AND `major` LIKE '%%' AND `gender` LIKE '%%' AND `mobile` LIKE '%%' AND ( `created_dt` > '1992-01-25 14:36' AND `created_dt` < '3000-01-25 14:36'  ) AND `address` LIKE '%%'  [ RunTime:0.0006s ]
NOTIC: [8] Use of undefined constant openid - assumed 'openid' /Applications/XAMPP/xamppfiles/htdocs/thinkphp/Application/Search/Controller/TeacherController.class.php 第 39 行.
NOTIC: [8] Array to string conversion /Applications/XAMPP/xamppfiles/htdocs/thinkphp/Application/Search/Controller/TeacherController.class.php 第 39 行.
INFO: [ app_end ] --START--
INFO: Run Behavior\ShowPageTraceBehavior [ RunTime:0.000290s ]
INFO: [ app_end ] --END-- [ RunTime:0.000315s ]

[ 2015-08-01T23:44:53+08:00 ] ::1 /thinkphp/Search/Teacher/read/
INFO: [ app_init ] --START--
INFO: Run Behavior\BuildLiteBehavior [ RunTime:0.000007s ]
INFO: [ app_init ] --END-- [ RunTime:0.000173s ]
INFO: [ app_begin ] --START--
INFO: Run Behavior\ReadHtmlCacheBehavior [ RunTime:0.000296s ]
INFO: [ app_begin ] --END-- [ RunTime:0.000322s ]
INFO: [ view_parse ] --START--
INFO: [ template_filter ] --START--
INFO: Run Behavior\ContentReplaceBehavior [ RunTime:0.000017s ]
INFO: [ template_filter ] --END-- [ RunTime:0.000040s ]
INFO: Run Behavior\ParseTemplateBehavior [ RunTime:0.002975s ]
INFO: [ view_parse ] --END-- [ RunTime:0.002999s ]
INFO: [ view_filter ] --START--
INFO: Run Behavior\WriteHtmlCacheBehavior [ RunTime:0.000069s ]
INFO: [ view_filter ] --END-- [ RunTime:0.000086s ]
SQL: SHOW COLUMNS FROM `t_teacher` [ RunTime:0.0028s ]
SQL: SELECT * FROM `t_teacher` WHERE T_teacher.name LIKE '%%' AND `studentNumber` LIKE '%%' AND `faculty` LIKE '%%' AND `major` LIKE '%%' AND `gender` LIKE '%%' AND `mobile` LIKE '%%' AND ( `created_dt` > '1992-01-25 14:36' AND `created_dt` < '3000-01-25 14:36'  ) AND `address` LIKE '%%'  [ RunTime:0.0010s ]
NOTIC: [8] Use of undefined constant openid - assumed 'openid' /Applications/XAMPP/xamppfiles/htdocs/thinkphp/Application/Search/Controller/TeacherController.class.php 第 39 行.
NOTIC: [8] Array to string conversion /Applications/XAMPP/xamppfiles/htdocs/thinkphp/Application/Search/Controller/TeacherController.class.php 第 39 行.
INFO: [ app_end ] --START--
INFO: Run Behavior\ShowPageTraceBehavior [ RunTime:0.000586s ]
INFO: [ app_end ] --END-- [ RunTime:0.000626s ]

[ 2015-08-01T23:45:16+08:00 ] ::1 /thinkphp/Search/Teacher/read/
INFO: [ app_init ] --START--
INFO: Run Behavior\BuildLiteBehavior [ RunTime:0.000013s ]
INFO: [ app_init ] --END-- [ RunTime:0.000317s ]
INFO: [ app_begin ] --START--
INFO: Run Behavior\ReadHtmlCacheBehavior [ RunTime:0.000252s ]
INFO: [ app_begin ] --END-- [ RunTime:0.000285s ]
INFO: [ view_parse ] --START--
INFO: [ template_filter ] --START--
INFO: Run Behavior\ContentReplaceBehavior [ RunTime:0.000021s ]
INFO: [ template_filter ] --END-- [ RunTime:0.000050s ]
INFO: Run Behavior\ParseTemplateBehavior [ RunTime:0.003852s ]
INFO: [ view_parse ] --END-- [ RunTime:0.003882s ]
INFO: [ view_filter ] --START--
INFO: Run Behavior\WriteHtmlCacheBehavior [ RunTime:0.000075s ]
INFO: [ view_filter ] --END-- [ RunTime:0.000092s ]
SQL: SHOW COLUMNS FROM `t_teacher` [ RunTime:0.0009s ]
SQL: SELECT * FROM `t_teacher` WHERE T_teacher.name LIKE '%%' AND `studentNumber` LIKE '%%' AND `faculty` LIKE '%%' AND `major` LIKE '%%' AND `gender` LIKE '%%' AND `mobile` LIKE '%%' AND ( `created_dt` > '1992-01-25 14:36' AND `created_dt` < '3000-01-25 14:36'  ) AND `address` LIKE '%%'  [ RunTime:0.0007s ]
INFO: [ app_end ] --START--
INFO: Run Behavior\ShowPageTraceBehavior [ RunTime:0.000459s ]
INFO: [ app_end ] --END-- [ RunTime:0.000519s ]

[ 2015-08-01T23:45:50+08:00 ] ::1 /thinkphp/Search/Teacher/read/
INFO: [ app_init ] --START--
INFO: Run Behavior\BuildLiteBehavior [ RunTime:0.000008s ]
INFO: [ app_init ] --END-- [ RunTime:0.000181s ]
INFO: [ app_begin ] --START--
INFO: Run Behavior\ReadHtmlCacheBehavior [ RunTime:0.000265s ]
INFO: [ app_begin ] --END-- [ RunTime:0.000295s ]
INFO: [ view_parse ] --START--
INFO: [ template_filter ] --START--
INFO: Run Behavior\ContentReplaceBehavior [ RunTime:0.000037s ]
INFO: [ template_filter ] --END-- [ RunTime:0.000105s ]
INFO: Run Behavior\ParseTemplateBehavior [ RunTime:0.004065s ]
INFO: [ view_parse ] --END-- [ RunTime:0.004107s ]
INFO: [ view_filter ] --START--
INFO: Run Behavior\WriteHtmlCacheBehavior [ RunTime:0.000147s ]
INFO: [ view_filter ] --END-- [ RunTime:0.000184s ]
SQL: SHOW COLUMNS FROM `t_teacher` [ RunTime:0.0009s ]
SQL: SELECT * FROM `t_teacher` WHERE T_teacher.name LIKE '%%' AND `studentNumber` LIKE '%%' AND `faculty` LIKE '%%' AND `major` LIKE '%%' AND `gender` LIKE '%%' AND `mobile` LIKE '%%' AND ( `created_dt` > '1992-01-25 14:36' AND `created_dt` < '3000-01-25 14:36'  ) AND `address` LIKE '%%'  [ RunTime:0.0006s ]
INFO: [ app_end ] --START--
INFO: Run Behavior\ShowPageTraceBehavior [ RunTime:0.000285s ]
INFO: [ app_end ] --END-- [ RunTime:0.000311s ]

[ 2015-08-01T23:45:52+08:00 ] ::1 /thinkphp/Search/Teacher/read/
INFO: [ app_init ] --START--
INFO: Run Behavior\BuildLiteBehavior [ RunTime:0.000009s ]
INFO: [ app_init ] --END-- [ RunTime:0.000183s ]
INFO: [ app_begin ] --START--
INFO: Run Behavior\ReadHtmlCacheBehavior [ RunTime:0.000220s ]
INFO: [ app_begin ] --END-- [ RunTime:0.000246s ]
INFO: [ view_parse ] --START--
INFO: [ template_filter ] --START--
INFO: Run Behavior\ContentReplaceBehavior [ RunTime:0.000025s ]
INFO: [ template_filter ] --END-- [ RunTime:0.000066s ]
INFO: Run Behavior\ParseTemplateBehavior [ RunTime:0.005691s ]
INFO: [ view_parse ] --END-- [ RunTime:0.005718s ]
INFO: [ view_filter ] --START--
INFO: Run Behavior\WriteHtmlCacheBehavior [ RunTime:0.000098s ]
INFO: [ view_filter ] --END-- [ RunTime:0.000116s ]
SQL: SHOW COLUMNS FROM `t_teacher` [ RunTime:0.0009s ]
SQL: SELECT * FROM `t_teacher` WHERE T_teacher.name LIKE '%%' AND `studentNumber` LIKE '%%' AND `faculty` LIKE '%%' AND `major` LIKE '%%' AND `gender` LIKE '%%' AND `mobile` LIKE '%%' AND ( `created_dt` > '1992-01-25 14:36' AND `created_dt` < '3000-01-25 14:36'  ) AND `address` LIKE '%%'  [ RunTime:0.0006s ]
INFO: [ app_end ] --START--
INFO: Run Behavior\ShowPageTraceBehavior [ RunTime:0.000295s ]
INFO: [ app_end ] --END-- [ RunTime:0.000321s ]

