[ 2015-07-29T21:39:59+08:00 ] ::1 /thinkphp/index.php/hello3
INFO: [ app_init ] --START--
INFO: Run Behavior\BuildLiteBehavior [ RunTime:0.000012s ]
INFO: [ app_init ] --END-- [ RunTime:0.000246s ]
ERR: 无法加载模块:Hello3

[ 2015-07-29T21:50:29+08:00 ] ::1 /thinkphp/index.php/hello/kkk
INFO: [ app_init ] --START--
INFO: Run Behavior\BuildLiteBehavior [ RunTime:0.000008s ]
INFO: [ app_init ] --END-- [ RunTime:0.000172s ]
ERR: 无法加载模块:Hello

[ 2015-07-29T21:50:35+08:00 ] ::1 /thinkphp/index.php/hello/kkk
INFO: [ app_init ] --START--
INFO: Run Behavior\BuildLiteBehavior [ RunTime:0.000008s ]
INFO: [ app_init ] --END-- [ RunTime:0.000174s ]
ERR: 无法加载模块:Hello

[ 2015-07-29T21:50:37+08:00 ] ::1 /thinkphp/index.php/hello/kkk
INFO: [ app_init ] --START--
INFO: Run Behavior\BuildLiteBehavior [ RunTime:0.000008s ]
INFO: [ app_init ] --END-- [ RunTime:0.000180s ]
ERR: 无法加载模块:Hello

[ 2015-07-29T21:51:04+08:00 ] ::1 /thinkphp/index.php/hello
INFO: [ app_init ] --START--
INFO: Run Behavior\BuildLiteBehavior [ RunTime:0.000012s ]
INFO: [ app_init ] --END-- [ RunTime:0.000249s ]
ERR: 无法加载模块:Hello

[ 2015-07-29T21:52:19+08:00 ] ::1 /thinkphp/index.php/hello
INFO: [ app_init ] --START--
INFO: Run Behavior\BuildLiteBehavior [ RunTime:0.000007s ]
INFO: [ app_init ] --END-- [ RunTime:0.000168s ]
ERR: 无法加载模块:Hello

[ 2015-07-29T21:53:00+08:00 ] ::1 /thinkphp/index.php/test/
INFO: [ app_init ] --START--
INFO: Run Behavior\BuildLiteBehavior [ RunTime:0.000011s ]
INFO: [ app_init ] --END-- [ RunTime:0.000232s ]
ERR: 无法加载模块:Test

[ 2015-07-29T21:53:42+08:00 ] ::1 /thinkphp/index.php//hello/name/baby
INFO: [ app_init ] --START--
INFO: Run Behavior\BuildLiteBehavior [ RunTime:0.000010s ]
INFO: [ app_init ] --END-- [ RunTime:0.000256s ]
ERR: 无法加载模块:Hello

[ 2015-07-29T21:53:47+08:00 ] ::1 /thinkphp/index.php/hello/name/baby
INFO: [ app_init ] --START--
INFO: Run Behavior\BuildLiteBehavior [ RunTime:0.000008s ]
INFO: [ app_init ] --END-- [ RunTime:0.000166s ]
ERR: 无法加载模块:Hello

